<?xml version="1.0" encoding="UTF-8"?>
<testsuite name="Cucumber" time="35.225" tests="1" skipped="0" failures="0" errors="0">
<testcase classname="View Category Products" name="" time="34.974">
<system-out><![CDATA[
Given the user Launch Url...................................................passed
Then the user Verify that categories are visible on left side bar...........passed
When the user Click on Women category.......................................passed
And the user Click on any category link under Women category, for example: Dress.passed
Then the user Verify that category page is displayed and confirm text WOMEN - TOPS PRODUCTS.passed
When the user On left side bar, click on any sub-category link of Men category.passed
Then the user Verify that user is navigated to that category page...........passed
]]></system-out>
</testcase>
</testsuite>
