<?xml version="1.0" encoding="UTF-8"?>
<testsuite name="Cucumber" time="20.011" tests="1" skipped="0" failures="0" errors="0">
<testcase classname="Place Order: Login before Checkout" name="" time="19.803">
<system-out><![CDATA[
Given the user Launch URL...................................................passed
Then the user Verify that home page is visible successfully.................passed
When the user Click Signup - Login button...................................passed
And the user Fill email, password and click Login button....................passed
Then the user Verify Logged in as username at top...........................passed
When the user Add products to cart..........................................passed
And the user Click Cart button..............................................passed
Then the user Verify that cart page is displayed............................passed
When the user Click Proceed To Checkout.....................................passed
Then the user Verify Address Details and Review Your Order..................passed
When the user Enter description in comment text area and click Place Order..passed
And the user Enter payment details: Name on Card, Card Number, CVC, Expiration date.passed
And the user Click Pay and Confirm Order button.............................passed
Then the user Verify success message Your order has been placed successfully!.passed
When the user Click Delete Account button...................................passed
Then the user Verify ACCOUNT DELETED! and click Continue button.............passed
]]></system-out>
</testcase>
</testsuite>
