<?xml version="1.0" encoding="UTF-8"?>
<testsuite name="Cucumber" time="4.201" tests="1" skipped="0" failures="0" errors="0">
<testcase classname="Verify Test Cases Page" name="" time="4.006">
<system-out><![CDATA[
Given the user Launch the URL...............................................passed
Then the user Verify that home page is visible successfully.................passed
When the user Click on Test Cases button....................................passed
Then the user  Verify user is navigated to test cases page successfully.....passed
]]></system-out>
</testcase>
</testsuite>
